#
# There is insufficient memory for the Java Runtime Environment to continue.
# Native memory allocation (malloc) failed to allocate 467904 bytes for Chunk::new
# Possible reasons:
#   The system is out of physical RAM or swap space
#   In 32 bit mode, the process size limit was hit
# Possible solutions:
#   Reduce memory load on the system
#   Increase physical memory or swap space
#   Check if swap backing store is full
#   Use 64 bit Java on a 64 bit OS
#   Decrease Java heap size (-Xmx/-Xms)
#   Decrease number of Java threads
#   Decrease Java thread stack sizes (-Xss)
#   Set larger code cache with -XX:ReservedCodeCacheSize=
# This output file may be truncated or incomplete.
#
#  Out of Memory Error (allocation.cpp:323), pid=6432, tid=6580
#
# JRE version: Java(TM) SE Runtime Environment (7.0_79-b15) (build 1.7.0_79-b15)
# Java VM: Java HotSpot(TM) 64-Bit Server VM (24.79-b02 mixed mode windows-amd64 compressed oops)
# Failed to write core dump. Minidumps are not enabled by default on client versions of Windows
#

---------------  T H R E A D  ---------------

Current thread (0x0000000008410800):  JavaThread "C2 CompilerThread1" daemon [_thread_in_native, id=6580, stack(0x0000000009da0000,0x0000000009ea0000)]

Stack: [0x0000000009da0000,0x0000000009ea0000]
[error occurred during error reporting (printing stack bounds), id 0xc0000005]


[error occurred during error reporting (printing native stack), id 0xc0000005]


Current CompileTask:
C2:   3814  195             com.android.dx.ssa.SCCP::run (298 bytes)


---------------  P R O C E S S  ---------------

Java Threads: ( => current thread )
  0x0000000008412800 JavaThread "Service Thread" daemon [_thread_blocked, id=6860, stack(0x0000000009f10000,0x000000000a010000)]
=>0x0000000008410800 JavaThread "C2 CompilerThread1" daemon [_thread_in_native, id=6580, stack(0x0000000009da0000,0x0000000009ea0000)]
  0x0000000008407000 JavaThread "C2 CompilerThread0" daemon [_thread_in_native, id=4240, stack(0x0000000009b30000,0x0000000009c30000)]
  0x0000000008404000 JavaThread "Attach Listener" daemon [_thread_blocked, id=7076, stack(0x0000000009980000,0x0000000009a80000)]
  0x00000000083ff000 JavaThread "Signal Dispatcher" daemon [_thread_blocked, id=2092, stack(0x00000000097e0000,0x00000000098e0000)]
  0x00000000083a1000 JavaThread "Finalizer" daemon [_thread_blocked, id=6176, stack(0x0000000009390000,0x0000000009490000)]
  0x000000000839f800 JavaThread "Reference Handler" daemon [_thread_blocked, id=5228, stack(0x0000000009640000,0x0000000009740000)]
  0x000000000200e000 JavaThread "main" [_thread_in_vm, id=6956, stack(0x0000000002330000,0x0000000002430000)]

Other Threads:
  0x000000000839c000 VMThread [stack: 0x00000000094e0000,0x00000000095e0000] [id=6276]
  0x0000000008413800 WatcherThread [stack: 0x000000000a100000,0x000000000a200000] [id=6924]

VM state:not at safepoint (normal execution)

VM Mutex/Monitor currently owned by a thread: None

Heap
 PSYoungGen      total 34304K, used 7180K [0x00000000eaa80000, 0x00000000ece80000, 0x0000000100000000)
  eden space 31744K, 14% used [0x00000000eaa80000,0x00000000eaf0b1c0,0x00000000ec980000)
  from space 2560K, 98% used [0x00000000ecc00000,0x00000000ece78038,0x00000000ece80000)
  to   space 2560K, 0% used [0x00000000ec980000,0x00000000ec980000,0x00000000ecc00000)
 ParOldGen       total 41472K, used 3438K [0x00000000c0000000, 0x00000000c2880000, 0x00000000eaa80000)
  object space 41472K, 8% used [0x00000000c0000000,0x00000000c035bb80,0x00000000c2880000)
 PSPermGen       total 21504K, used 5897K [0x00000000bae00000, 0x00000000bc300000, 0x00000000c0000000)
  object space 21504K, 27% used [0x00000000bae00000,0x00000000bb3c2450,0x00000000bc300000)

Card table byte_map: [0x0000000005430000,0x0000000005660000] byte_map_base: 0x0000000004e59000

Polling page: 0x0000000000430000

Code Cache  [0x0000000002430000, 0x00000000026a0000, 0x0000000005430000)
 total_blobs=461 nmethods=224 adapters=189 free_code_cache=48237Kb largest_free_block=49369536

Compilation events (10 events):
Event: 3.395 Thread 0x0000000008407000 nmethod 213 0x00000000025039d0 code [0x0000000002503b40, 0x0000000002503d78]
Event: 3.395 Thread 0x0000000008407000  214             java.util.Collections$UnmodifiableCollection::iterator (9 bytes)
Event: 3.401 Thread 0x0000000008407000 nmethod 214 0x0000000002503310 code [0x0000000002503480, 0x00000000025036f8]
Event: 3.401 Thread 0x0000000008407000  215             com.android.dx.rop.cst.CstString::compareTo0 (15 bytes)
Event: 3.402 Thread 0x0000000008407000 nmethod 215 0x0000000002502f50 code [0x00000000025030a0, 0x0000000002503218]
Event: 3.402 Thread 0x0000000008407000  216             com.android.dx.ssa.SsaMethod::getUseListForRegister (18 bytes)
Event: 3.404 Thread 0x0000000008407000 nmethod 216 0x00000000024f8fd0 code [0x00000000024f9120, 0x00000000024f91e8]
Event: 3.404 Thread 0x0000000008407000  217             com.android.dx.rop.code.RegisterSpecSet::intersect (117 bytes)
Event: 3.418 Thread 0x0000000008407000 nmethod 217 0x00000000024f9850 code [0x00000000024f99e0, 0x00000000024fa198]
Event: 3.418 Thread 0x0000000008407000  218             com.android.dx.ssa.SCCP::simulateBlock (54 bytes)

GC Heap History (4 events):
Event: 2.032 GC heap before
{Heap before GC invocations=1 (full 0):
 PSYoungGen      total 18432K, used 15872K [0x00000000eaa80000, 0x00000000ebf00000, 0x0000000100000000)
  eden space 15872K, 100% used [0x00000000eaa80000,0x00000000eba00000,0x00000000eba00000)
  from space 2560K, 0% used [0x00000000ebc80000,0x00000000ebc80000,0x00000000ebf00000)
  to   space 2560K, 0% used [0x00000000eba00000,0x00000000eba00000,0x00000000ebc80000)
 ParOldGen       total 41472K, used 0K [0x00000000c0000000, 0x00000000c2880000, 0x00000000eaa80000)
  object space 41472K, 0% used [0x00000000c0000000,0x00000000c0000000,0x00000000c2880000)
 PSPermGen       total 21504K, used 5705K [0x00000000bae00000, 0x00000000bc300000, 0x00000000c0000000)
  object space 21504K, 26% used [0x00000000bae00000,0x00000000bb3924a8,0x00000000bc300000)
Event: 2.337 GC heap after
Heap after GC invocations=1 (full 0):
 PSYoungGen      total 18432K, used 2535K [0x00000000eaa80000, 0x00000000ece80000, 0x0000000100000000)
  eden space 15872K, 0% used [0x00000000eaa80000,0x00000000eaa80000,0x00000000eba00000)
  from space 2560K, 99% used [0x00000000eba00000,0x00000000ebc79c68,0x00000000ebc80000)
  to   space 2560K, 0% used [0x00000000ecc00000,0x00000000ecc00000,0x00000000ece80000)
 ParOldGen       total 41472K, used 2039K [0x00000000c0000000, 0x00000000c2880000, 0x00000000eaa80000)
  object space 41472K, 4% used [0x00000000c0000000,0x00000000c01fdce8,0x00000000c2880000)
 PSPermGen       total 21504K, used 5705K [0x00000000bae00000, 0x00000000bc300000, 0x00000000c0000000)
  object space 21504K, 26% used [0x00000000bae00000,0x00000000bb3924a8,0x00000000bc300000)
}
Event: 3.421 GC heap before
{Heap before GC invocations=2 (full 0):
 PSYoungGen      total 18432K, used 18407K [0x00000000eaa80000, 0x00000000ece80000, 0x0000000100000000)
  eden space 15872K, 100% used [0x00000000eaa80000,0x00000000eba00000,0x00000000eba00000)
  from space 2560K, 99% used [0x00000000eba00000,0x00000000ebc79c68,0x00000000ebc80000)
  to   space 2560K, 0% used [0x00000000ecc00000,0x00000000ecc00000,0x00000000ece80000)
 ParOldGen       total 41472K, used 2039K [0x00000000c0000000, 0x00000000c2880000, 0x00000000eaa80000)
  object space 41472K, 4% used [0x00000000c0000000,0x00000000c01fdce8,0x00000000c2880000)
 PSPermGen       total 21504K, used 5851K [0x00000000bae00000, 0x00000000bc300000, 0x00000000c0000000)
  object space 21504K, 27% used [0x00000000bae00000,0x00000000bb3b6c48,0x00000000bc300000)
Event: 3.438 GC heap after
Heap after GC invocations=2 (full 0):
 PSYoungGen      total 34304K, used 2528K [0x00000000eaa80000, 0x00000000ece80000, 0x0000000100000000)
  eden space 31744K, 0% used [0x00000000eaa80000,0x00000000eaa80000,0x00000000ec980000)
  from space 2560K, 98% used [0x00000000ecc00000,0x00000000ece78038,0x00000000ece80000)
  to   space 2560K, 0% used [0x00000000ec980000,0x00000000ec980000,0x00000000ecc00000)
 ParOldGen       total 41472K, used 3438K [0x00000000c0000000, 0x00000000c2880000, 0x00000000eaa80000)
  object space 41472K, 8% used [0x00000000c0000000,0x00000000c035bb80,0x00000000c2880000)
 PSPermGen       total 21504K, used 5851K [0x00000000bae00000, 0x00000000bc300000, 0x00000000c0000000)
  object space 21504K, 27% used [0x00000000bae00000,0x00000000bb3b6c48,0x00000000bc300000)
}

Deoptimization events (3 events):
Event: 1.729 Thread 0x000000000a378000 Uncommon trap: reason=null_check action=make_not_entrant pc=0x00000000024ab840 method=com.android.dx.rop.code.LocalItem.equals(Ljava/lang/Object;)Z @ 1
Event: 2.477 Thread 0x000000000a377800 Uncommon trap: reason=unreached action=reinterpret pc=0x00000000024c2904 method=com.android.dx.rop.cst.Constant.compareTo(Lcom/android/dx/rop/cst/Constant;)I @ 12
Event: 3.012 Thread 0x000000000a378000 Uncommon trap: reason=null_check action=make_not_entrant pc=0x00000000024bd5d0 method=com.android.dx.rop.type.Type.equals(Ljava/lang/Object;)Z @ 8

Internal exceptions (10 events):
Event: 1.580 Thread 0x000000000a378000 Threw 0x00000000eb390440 at C:\re\jdk7u79\2331\hotspot\src\share\vm\prims\jvm.cpp:1304
Event: 1.597 Thread 0x000000000a378000 Threw 0x00000000eb3b3e98 at C:\re\jdk7u79\2331\hotspot\src\share\vm\prims\jvm.cpp:1304
Event: 1.602 Thread 0x000000000200e000 Threw 0x00000000eb3e8000 at C:\re\jdk7u79\2331\hotspot\src\share\vm\prims\jvm.cpp:1304
Event: 1.729 Thread 0x000000000a378000 Implicit null exception at 0x00000000024ab0b4 to 0x00000000024ab825
Event: 1.824 Thread 0x000000000a3ef000 Threw 0x00000000eb50d510 at C:\re\jdk7u79\2331\hotspot\src\share\vm\prims\jvm.cpp:1304
Event: 1.826 Thread 0x000000000a3ef000 Threw 0x00000000eb512ad8 at C:\re\jdk7u79\2331\hotspot\src\share\vm\prims\jvm.cpp:1304
Event: 1.827 Thread 0x000000000a3ef000 Threw 0x00000000eb517e10 at C:\re\jdk7u79\2331\hotspot\src\share\vm\prims\jvm.cpp:1304
Event: 1.903 Thread 0x000000000200e000 Threw 0x00000000eb40f630 at C:\re\jdk7u79\2331\hotspot\src\share\vm\prims\jvm.cpp:1304
Event: 1.954 Thread 0x000000000a377800 Threw 0x00000000eb79b830 at C:\re\jdk7u79\2331\hotspot\src\share\vm\prims\jvm.cpp:1304
Event: 3.012 Thread 0x000000000a378000 Implicit null exception at 0x00000000024bd4d2 to 0x00000000024bd5c2

Events (10 events):
Event: 3.414 loading class 0x0000000001f6d7f0
Event: 3.414 loading class 0x0000000001f6d7f0 done
Event: 3.414 loading class 0x0000000001f6d7c0
Event: 3.414 loading class 0x0000000001f6d7c0 done
Event: 3.415 Thread 0x000000000a377800 Thread exited: 0x000000000a377800
Event: 3.421 Executing VM operation: ParallelGCFailedAllocation
Event: 3.438 Executing VM operation: ParallelGCFailedAllocation done
Event: 3.567 Thread 0x000000000a3a8000 Thread exited: 0x000000000a3a8000
Event: 3.590 Thread 0x000000000a378000 Thread exited: 0x000000000a378000
Event: 3.687 Thread 0x000000000a3ef000 Thread exited: 0x000000000a3ef000


Dynamic libraries:
0x000000013fa40000 - 0x000000013fa73000 	C:\Program Files\Java\jdk1.7.0_79\bin\java.exe
0x0000000077a80000 - 0x0000000077c2a000 	C:\Windows\SYSTEM32\ntdll.dll
0x0000000077960000 - 0x0000000077a7f000 	C:\Windows\system32\kernel32.dll
0x000007fefdaa0000 - 0x000007fefdb0b000 	C:\Windows\system32\KERNELBASE.dll
0x000007fefe760000 - 0x000007fefe83b000 	C:\Windows\system32\ADVAPI32.dll
0x000007fefe0f0000 - 0x000007fefe18f000 	C:\Windows\system32\msvcrt.dll
0x000007fefe840000 - 0x000007fefe85f000 	C:\Windows\SYSTEM32\sechost.dll
0x000007fefe430000 - 0x000007fefe55d000 	C:\Windows\system32\RPCRT4.dll
0x0000000077860000 - 0x000000007795a000 	C:\Windows\system32\USER32.dll
0x000007fefdc90000 - 0x000007fefdcf7000 	C:\Windows\system32\GDI32.dll
0x000007fefdd80000 - 0x000007fefdd8e000 	C:\Windows\system32\LPK.dll
0x000007fefe020000 - 0x000007fefe0ea000 	C:\Windows\system32\USP10.dll
0x000007fefc0d0000 - 0x000007fefc2c4000 	C:\Windows\WinSxS\amd64_microsoft.windows.common-controls_6595b64144ccf1df_6.0.7601.18837_none_fa3b1e3d17594757\COMCTL32.dll
0x000007fefdd00000 - 0x000007fefdd71000 	C:\Windows\system32\SHLWAPI.dll
0x000007fefea50000 - 0x000007fefea7e000 	C:\Windows\system32\IMM32.DLL
0x000007fefe190000 - 0x000007fefe299000 	C:\Windows\system32\MSCTF.dll
0x000007fefd730000 - 0x000007fefd770000 	C:\Windows\system32\nvinitx.dll
0x0000000067f10000 - 0x0000000067fe2000 	C:\Program Files\Java\jdk1.7.0_79\jre\bin\msvcr100.dll
0x0000000068420000 - 0x0000000068bf5000 	C:\Program Files\Java\jdk1.7.0_79\jre\bin\server\jvm.dll
0x000007fefb0f0000 - 0x000007fefb0f9000 	C:\Windows\system32\WSOCK32.dll
0x000007fefdbc0000 - 0x000007fefdc0d000 	C:\Windows\system32\WS2_32.dll
0x000007fefe380000 - 0x000007fefe388000 	C:\Windows\system32\NSI.dll
0x000007fef9840000 - 0x000007fef987b000 	C:\Windows\system32\WINMM.dll
0x0000000077c40000 - 0x0000000077c47000 	C:\Windows\system32\PSAPI.DLL
0x000000006ffd0000 - 0x000000006ffdf000 	C:\Program Files\Java\jdk1.7.0_79\jre\bin\verify.dll
0x000000006c7c0000 - 0x000000006c7e8000 	C:\Program Files\Java\jdk1.7.0_79\jre\bin\java.dll
0x0000000069e10000 - 0x0000000069e25000 	C:\Program Files\Java\jdk1.7.0_79\jre\bin\zip.dll
0x0000000069df0000 - 0x0000000069e0a000 	C:\Program Files\Java\jdk1.7.0_79\jre\bin\net.dll
0x000007fefcf80000 - 0x000007fefcfd5000 	C:\Windows\system32\mswsock.dll
0x000007fefcf70000 - 0x000007fefcf77000 	C:\Windows\System32\wship6.dll
0x0000000069dd0000 - 0x0000000069de1000 	C:\Program Files\Java\jdk1.7.0_79\jre\bin\nio.dll

VM Arguments:
jvm_args: -Djava.awt.headless=true -Xmx1024M -Dfile.encoding=windows-1252 -Duser.country=US -Duser.language=en -Duser.variant 
java_command: com.android.dx.command.Main --dex --num-threads=4 --output D:\ELSYS-school\diplomna\OCR\app\build\intermediates\pre-dexed\debug\com.android.support-support-vector-drawable-23.2.0_13bb49dcfa9d85c8de50957137a2d2865506a61b.jar D:\ELSYS-school\diplomna\OCR\app\build\intermediates\exploded-aar\com.android.support\support-vector-drawable\23.2.0\jars\classes.jar
Launcher Type: SUN_STANDARD

Environment Variables:
JAVA_HOME=C:\Program Files\Java\jdk1.7.0_79
PATH=C:\ProgramData\Oracle\Java\javapath;C:\Program Files (x86)\NVIDIA Corporation\PhysX\Common;C:\Program Files (x86)\Intel\iCLS Client\;C:\Program Files\Intel\iCLS Client\;C:\Windows\system32;C:\Windows;C:\Windows\System32\Wbem;C:\Windows\System32\WindowsPowerShell\v1.0\;C:\Program Files (x86)\Intel\OpenCL SDK\2.0\bin\x86;C:\Program Files (x86)\Intel\OpenCL SDK\2.0\bin\x64;C:\Program Files\Intel\Intel(R) Management Engine Components\DAL;C:\Program Files\Intel\Intel(R) Management Engine Components\IPT;C:\Program Files (x86)\Intel\Intel(R) Management Engine Components\DAL;C:\Program Files (x86)\Intel\Intel(R) Management Engine Components\IPT;D:\ELSYS-school\????????\Tesseract-OCR;C:\Program Files (x86)\Tesseract-OCR;C:\Program Files (x86)\Skype\Phone\;D:\xampp\php;C:\ProgramData\ComposerSetup\bin;C:\Users\user\AppData\Roaming\Composer\vendor\bin
USERNAME=user
OS=Windows_NT
PROCESSOR_IDENTIFIER=Intel64 Family 6 Model 42 Stepping 7, GenuineIntel



---------------  S Y S T E M  ---------------

OS: Windows 7 , 64 bit Build 7601 Service Pack 1

CPU:total 4 (2 cores per cpu, 2 threads per core) family 6 model 42 stepping 7, cmov, cx8, fxsr, mmx, sse, sse2, sse3, ssse3, sse4.1, sse4.2, popcnt, avx, ht, tsc, tscinvbit

Memory: 4k page, physical 4006256k(818508k free), swap 5540420k(189436k free)

vm_info: Java HotSpot(TM) 64-Bit Server VM (24.79-b02) for windows-amd64 JRE (1.7.0_79-b15), built on Apr 10 2015 12:36:16 by "java_re" with unknown MS VC++:1600

time: Fri Feb 26 22:05:16 2016
elapsed time: 3 seconds

