#
# There is insufficient memory for the Java Runtime Environment to continue.
# Native memory allocation (malloc) failed to allocate 371696 bytes for Chunk::new
# Possible reasons:
#   The system is out of physical RAM or swap space
#   In 32 bit mode, the process size limit was hit
# Possible solutions:
#   Reduce memory load on the system
#   Increase physical memory or swap space
#   Check if swap backing store is full
#   Use 64 bit Java on a 64 bit OS
#   Decrease Java heap size (-Xmx/-Xms)
#   Decrease number of Java threads
#   Decrease Java thread stack sizes (-Xss)
#   Set larger code cache with -XX:ReservedCodeCacheSize=
# This output file may be truncated or incomplete.
#
#  Out of Memory Error (allocation.cpp:323), pid=6832, tid=5672
#
# JRE version: Java(TM) SE Runtime Environment (7.0_79-b15) (build 1.7.0_79-b15)
# Java VM: Java HotSpot(TM) 64-Bit Server VM (24.79-b02 mixed mode windows-amd64 compressed oops)
# Failed to write core dump. Minidumps are not enabled by default on client versions of Windows
#

---------------  T H R E A D  ---------------

Current thread (0x0000000008365800):  JavaThread "C2 CompilerThread1" daemon [_thread_in_native, id=5672, stack(0x0000000009b50000,0x0000000009c50000)]

Stack: [0x0000000009b50000,0x0000000009c50000]
[error occurred during error reporting (printing stack bounds), id 0xc0000005]


Current CompileTask:
C2:   6955  551             com.android.dx.ssa.back.FirstFitLocalCombiningAllocator::tryMapRegs (110 bytes)


---------------  P R O C E S S  ---------------

Java Threads: ( => current thread )
  0x000000000a1c7800 JavaThread "pool-2-thread-4" [_thread_blocked, id=6624, stack(0x000000000ac40000,0x000000000ad40000)]
  0x000000000a180000 JavaThread "pool-2-thread-3" [_thread_in_Java, id=6428, stack(0x000000000adb0000,0x000000000aeb0000)]
  0x000000000a08b000 JavaThread "pool-2-thread-2" [_thread_in_Java, id=7088, stack(0x000000000ab30000,0x000000000ac30000)]
  0x000000000a18f800 JavaThread "pool-3-thread-1" [_thread_blocked, id=668, stack(0x000000000a970000,0x000000000aa70000)]
  0x000000000a10c800 JavaThread "pool-2-thread-1" [_thread_blocked, id=2528, stack(0x000000000a750000,0x000000000a850000)]
  0x0000000008367000 JavaThread "Service Thread" daemon [_thread_blocked, id=3652, stack(0x0000000009e10000,0x0000000009f10000)]
=>0x0000000008365800 JavaThread "C2 CompilerThread1" daemon [_thread_in_native, id=5672, stack(0x0000000009b50000,0x0000000009c50000)]
  0x000000000835f800 JavaThread "C2 CompilerThread0" daemon [_thread_in_native, id=3676, stack(0x0000000009a40000,0x0000000009b40000)]
  0x000000000835c800 JavaThread "Attach Listener" daemon [_thread_blocked, id=4272, stack(0x00000000096f0000,0x00000000097f0000)]
  0x0000000008357800 JavaThread "Signal Dispatcher" daemon [_thread_blocked, id=2428, stack(0x00000000098f0000,0x00000000099f0000)]
  0x0000000008307000 JavaThread "Finalizer" daemon [_thread_blocked, id=6384, stack(0x00000000097f0000,0x00000000098f0000)]
  0x00000000082ff800 JavaThread "Reference Handler" daemon [_thread_blocked, id=6568, stack(0x00000000095b0000,0x00000000096b0000)]
  0x000000000204e000 JavaThread "main" [_thread_in_vm, id=6204, stack(0x00000000022e0000,0x00000000023e0000)]

Other Threads:
  0x00000000082fa000 VMThread [stack: 0x0000000009410000,0x0000000009510000] [id=6688]
  0x0000000009f11000 WatcherThread [stack: 0x000000000a370000,0x000000000a470000] [id=5780]

VM state:not at safepoint (normal execution)

VM Mutex/Monitor currently owned by a thread: None

Heap
 PSYoungGen      total 72704K, used 22707K [0x00000000eaa80000, 0x00000000f3a80000, 0x0000000100000000)
  eden space 61952K, 35% used [0x00000000eaa80000,0x00000000ebfb79d0,0x00000000ee700000)
  from space 10752K, 9% used [0x00000000ee700000,0x00000000ee7f5440,0x00000000ef180000)
  to   space 24064K, 0% used [0x00000000f2300000,0x00000000f2300000,0x00000000f3a80000)
 ParOldGen       total 41472K, used 41032K [0x00000000c0000000, 0x00000000c2880000, 0x00000000eaa80000)
  object space 41472K, 98% used [0x00000000c0000000,0x00000000c2812258,0x00000000c2880000)
 PSPermGen       total 21504K, used 6073K [0x00000000bae00000, 0x00000000bc300000, 0x00000000c0000000)
  object space 21504K, 28% used [0x00000000bae00000,0x00000000bb3ee4e8,0x00000000bc300000)

Card table byte_map: [0x00000000053e0000,0x0000000005610000] byte_map_base: 0x0000000004e09000

Polling page: 0x0000000000340000

Code Cache  [0x00000000023e0000, 0x0000000002650000, 0x00000000053e0000)
 total_blobs=812 nmethods=575 adapters=189 free_code_cache=46846Kb largest_free_block=47938432

Compilation events (10 events):
Event: 6.923 Thread 0x000000000835f800 nmethod 578 0x0000000002624450 code [0x00000000026245a0, 0x0000000002624788]
Event: 6.924 Thread 0x000000000835f800  579             com.android.dx.rop.code.BasicBlock::hasExceptionHandlers (26 bytes)
Event: 6.926 Thread 0x000000000835f800 nmethod 579 0x00000000026262d0 code [0x0000000002626420, 0x0000000002626558]
Event: 6.926 Thread 0x000000000835f800  580             com.android.dx.ssa.LocalVariableInfo::mergeStarts (59 bytes)
Event: 6.941 Thread 0x000000000835f800 nmethod 580 0x0000000002625710 code [0x0000000002625880, 0x0000000002625e18]
Event: 6.942 Thread 0x000000000835f800  581             com.android.dx.ssa.LocalVariableInfo::mutableCopyOfStarts (29 bytes)
Event: 6.945 Thread 0x000000000835f800 nmethod 581 0x0000000002625250 code [0x00000000026253a0, 0x0000000002625588]
Event: 6.945 Thread 0x000000000835f800  582             com.android.dx.rop.code.LocalItem::compareTo (9 bytes)
Event: 6.948 Thread 0x000000000835f800 nmethod 582 0x0000000002624bd0 code [0x0000000002624d20, 0x0000000002624ff8]
Event: 6.948 Thread 0x000000000835f800  583             com.android.dx.ssa.InterferenceRegisterMapper::addInterfence (62 bytes)

GC Heap History (10 events):
Event: 3.040 GC heap before
{Heap before GC invocations=6 (full 0):
 PSYoungGen      total 34304K, used 34289K [0x00000000eaa80000, 0x00000000efa80000, 0x0000000100000000)
  eden space 31744K, 100% used [0x00000000eaa80000,0x00000000ec980000,0x00000000ec980000)
  from space 2560K, 99% used [0x00000000ec980000,0x00000000ecbfc688,0x00000000ecc00000)
  to   space 9216K, 0% used [0x00000000ef180000,0x00000000ef180000,0x00000000efa80000)
 ParOldGen       total 41472K, used 9317K [0x00000000c0000000, 0x00000000c2880000, 0x00000000eaa80000)
  object space 41472K, 22% used [0x00000000c0000000,0x00000000c0919500,0x00000000c2880000)
 PSPermGen       total 21504K, used 5966K [0x00000000bae00000, 0x00000000bc300000, 0x00000000c0000000)
  object space 21504K, 27% used [0x00000000bae00000,0x00000000bb3d3a30,0x00000000bc300000)
Event: 3.062 GC heap after
Heap after GC invocations=6 (full 0):
 PSYoungGen      total 71168K, used 8395K [0x00000000eaa80000, 0x00000000efd80000, 0x0000000100000000)
  eden space 61952K, 0% used [0x00000000eaa80000,0x00000000eaa80000,0x00000000ee700000)
  from space 9216K, 91% used [0x00000000ef180000,0x00000000ef9b2dd0,0x00000000efa80000)
  to   space 10752K, 0% used [0x00000000ee700000,0x00000000ee700000,0x00000000ef180000)
 ParOldGen       total 41472K, used 9317K [0x00000000c0000000, 0x00000000c2880000, 0x00000000eaa80000)
  object space 41472K, 22% used [0x00000000c0000000,0x00000000c0919500,0x00000000c2880000)
 PSPermGen       total 21504K, used 5966K [0x00000000bae00000, 0x00000000bc300000, 0x00000000c0000000)
  object space 21504K, 27% used [0x00000000bae00000,0x00000000bb3d3a30,0x00000000bc300000)
}
Event: 4.587 GC heap before
{Heap before GC invocations=7 (full 0):
 PSYoungGen      total 71168K, used 70347K [0x00000000eaa80000, 0x00000000efd80000, 0x0000000100000000)
  eden space 61952K, 100% used [0x00000000eaa80000,0x00000000ee700000,0x00000000ee700000)
  from space 9216K, 91% used [0x00000000ef180000,0x00000000ef9b2dd0,0x00000000efa80000)
  to   space 10752K, 0% used [0x00000000ee700000,0x00000000ee700000,0x00000000ef180000)
 ParOldGen       total 41472K, used 9317K [0x00000000c0000000, 0x00000000c2880000, 0x00000000eaa80000)
  object space 41472K, 22% used [0x00000000c0000000,0x00000000c0919500,0x00000000c2880000)
 PSPermGen       total 21504K, used 6004K [0x00000000bae00000, 0x00000000bc300000, 0x00000000c0000000)
  object space 21504K, 27% used [0x00000000bae00000,0x00000000bb3dd0c0,0x00000000bc300000)
Event: 4.637 GC heap after
Heap after GC invocations=7 (full 0):
 PSYoungGen      total 72704K, used 10740K [0x00000000eaa80000, 0x00000000efd80000, 0x0000000100000000)
  eden space 61952K, 0% used [0x00000000eaa80000,0x00000000eaa80000,0x00000000ee700000)
  from space 10752K, 99% used [0x00000000ee700000,0x00000000ef17d170,0x00000000ef180000)
  to   space 9216K, 0% used [0x00000000ef180000,0x00000000ef180000,0x00000000efa80000)
 ParOldGen       total 41472K, used 14804K [0x00000000c0000000, 0x00000000c2880000, 0x00000000eaa80000)
  object space 41472K, 35% used [0x00000000c0000000,0x00000000c0e75098,0x00000000c2880000)
 PSPermGen       total 21504K, used 6004K [0x00000000bae00000, 0x00000000bc300000, 0x00000000c0000000)
  object space 21504K, 27% used [0x00000000bae00000,0x00000000bb3dd0c0,0x00000000bc300000)
}
Event: 5.452 GC heap before
{Heap before GC invocations=8 (full 0):
 PSYoungGen      total 72704K, used 72692K [0x00000000eaa80000, 0x00000000efd80000, 0x0000000100000000)
  eden space 61952K, 100% used [0x00000000eaa80000,0x00000000ee700000,0x00000000ee700000)
  from space 10752K, 99% used [0x00000000ee700000,0x00000000ef17d170,0x00000000ef180000)
  to   space 9216K, 0% used [0x00000000ef180000,0x00000000ef180000,0x00000000efa80000)
 ParOldGen       total 41472K, used 14804K [0x00000000c0000000, 0x00000000c2880000, 0x00000000eaa80000)
  object space 41472K, 35% used [0x00000000c0000000,0x00000000c0e75098,0x00000000c2880000)
 PSPermGen       total 21504K, used 6040K [0x00000000bae00000, 0x00000000bc300000, 0x00000000c0000000)
  object space 21504K, 28% used [0x00000000bae00000,0x00000000bb3e6350,0x00000000bc300000)
Event: 5.486 GC heap after
Heap after GC invocations=8 (full 0):
 PSYoungGen      total 71168K, used 9201K [0x00000000eaa80000, 0x00000000efd80000, 0x0000000100000000)
  eden space 61952K, 0% used [0x00000000eaa80000,0x00000000eaa80000,0x00000000ee700000)
  from space 9216K, 99% used [0x00000000ef180000,0x00000000efa7c5c8,0x00000000efa80000)
  to   space 10752K, 0% used [0x00000000ee700000,0x00000000ee700000,0x00000000ef180000)
 ParOldGen       total 41472K, used 26447K [0x00000000c0000000, 0x00000000c2880000, 0x00000000eaa80000)
  object space 41472K, 63% used [0x00000000c0000000,0x00000000c19d3f18,0x00000000c2880000)
 PSPermGen       total 21504K, used 6040K [0x00000000bae00000, 0x00000000bc300000, 0x00000000c0000000)
  object space 21504K, 28% used [0x00000000bae00000,0x00000000bb3e6350,0x00000000bc300000)
}
Event: 6.242 GC heap before
{Heap before GC invocations=9 (full 0):
 PSYoungGen      total 71168K, used 71153K [0x00000000eaa80000, 0x00000000efd80000, 0x0000000100000000)
  eden space 61952K, 100% used [0x00000000eaa80000,0x00000000ee700000,0x00000000ee700000)
  from space 9216K, 99% used [0x00000000ef180000,0x00000000efa7c5c8,0x00000000efa80000)
  to   space 10752K, 0% used [0x00000000ee700000,0x00000000ee700000,0x00000000ef180000)
 ParOldGen       total 41472K, used 26447K [0x00000000c0000000, 0x00000000c2880000, 0x00000000eaa80000)
  object space 41472K, 63% used [0x00000000c0000000,0x00000000c19d3f18,0x00000000c2880000)
 PSPermGen       total 21504K, used 6069K [0x00000000bae00000, 0x00000000bc300000, 0x00000000c0000000)
  object space 21504K, 28% used [0x00000000bae00000,0x00000000bb3ed740,0x00000000bc300000)
Event: 6.276 GC heap after
Heap after GC invocations=9 (full 0):
 PSYoungGen      total 72704K, used 10720K [0x00000000eaa80000, 0x00000000f3a80000, 0x0000000100000000)
  eden space 61952K, 0% used [0x00000000eaa80000,0x00000000eaa80000,0x00000000ee700000)
  from space 10752K, 99% used [0x00000000ee700000,0x00000000ef178380,0x00000000ef180000)
  to   space 24064K, 0% used [0x00000000f2300000,0x00000000f2300000,0x00000000f3a80000)
 ParOldGen       total 41472K, used 34484K [0x00000000c0000000, 0x00000000c2880000, 0x00000000eaa80000)
  object space 41472K, 83% used [0x00000000c0000000,0x00000000c21ad018,0x00000000c2880000)
 PSPermGen       total 21504K, used 6069K [0x00000000bae00000, 0x00000000bc300000, 0x00000000c0000000)
  object space 21504K, 28% used [0x00000000bae00000,0x00000000bb3ed740,0x00000000bc300000)
}
Event: 6.276 GC heap before
{Heap before GC invocations=10 (full 1):
 PSYoungGen      total 72704K, used 10720K [0x00000000eaa80000, 0x00000000f3a80000, 0x0000000100000000)
  eden space 61952K, 0% used [0x00000000eaa80000,0x00000000eaa80000,0x00000000ee700000)
  from space 10752K, 99% used [0x00000000ee700000,0x00000000ef178380,0x00000000ef180000)
  to   space 24064K, 0% used [0x00000000f2300000,0x00000000f2300000,0x00000000f3a80000)
 ParOldGen       total 41472K, used 34484K [0x00000000c0000000, 0x00000000c2880000, 0x00000000eaa80000)
  object space 41472K, 83% used [0x00000000c0000000,0x00000000c21ad018,0x00000000c2880000)
 PSPermGen       total 21504K, used 6069K [0x00000000bae00000, 0x00000000bc300000, 0x00000000c0000000)
  object space 21504K, 28% used [0x00000000bae00000,0x00000000bb3ed740,0x00000000bc300000)
Event: 6.739 GC heap after
Heap after GC invocations=10 (full 1):
 PSYoungGen      total 72704K, used 981K [0x00000000eaa80000, 0x00000000f3a80000, 0x0000000100000000)
  eden space 61952K, 0% used [0x00000000eaa80000,0x00000000eaa80000,0x00000000ee700000)
  from space 10752K, 9% used [0x00000000ee700000,0x00000000ee7f5440,0x00000000ef180000)
  to   space 24064K, 0% used [0x00000000f2300000,0x00000000f2300000,0x00000000f3a80000)
 ParOldGen       total 41472K, used 41032K [0x00000000c0000000, 0x00000000c2880000, 0x00000000eaa80000)
  object space 41472K, 98% used [0x00000000c0000000,0x00000000c2812258,0x00000000c2880000)
 PSPermGen       total 21504K, used 6066K [0x00000000bae00000, 0x00000000bc300000, 0x00000000c0000000)
  object space 21504K, 28% used [0x00000000bae00000,0x00000000bb3ec820,0x00000000bc300000)
}

Deoptimization events (10 events):
Event: 3.258 Thread 0x000000000a08b000 Uncommon trap: reason=bimorphic action=maybe_recompile pc=0x0000000002503c40 method=com.android.dx.cf.code.BytecodeArray.parseInstruction(ILcom/android/dx/cf/code/BytecodeArray$Visitor;)I @ 2484
Event: 3.260 Thread 0x000000000a08b000 Uncommon trap: reason=bimorphic action=maybe_recompile pc=0x0000000002503c40 method=com.android.dx.cf.code.BytecodeArray.parseInstruction(ILcom/android/dx/cf/code/BytecodeArray$Visitor;)I @ 2484
Event: 4.460 Thread 0x000000000a08b000 Uncommon trap: reason=class_check action=maybe_recompile pc=0x000000000251d664 method=com.android.dx.cf.code.Ropper.processBlock(Lcom/android/dx/cf/code/ByteBlock;Lcom/android/dx/cf/code/Frame;[I)V @ 777
Event: 5.299 Thread 0x000000000a08b000 Uncommon trap: reason=unreached action=reinterpret pc=0x00000000024e0130 method=com.android.dx.ssa.SCCP.simulateBranch(Lcom/android/dx/ssa/SsaInsn;)V @ 132
Event: 5.300 Thread 0x000000000a08b000 Uncommon trap: reason=unloaded action=reinterpret pc=0x0000000002581994 method=com.android.dx.ssa.LiteralOpUpgrader$1.visitNonMoveInsn(Lcom/android/dx/ssa/NormalSsaInsn;)V @ 72
Event: 5.822 Thread 0x000000000a10c800 Uncommon trap: reason=class_check action=maybe_recompile pc=0x000000000251d664 method=com.android.dx.cf.code.Ropper.processBlock(Lcom/android/dx/cf/code/ByteBlock;Lcom/android/dx/cf/code/Frame;[I)V @ 777
Event: 5.912 Thread 0x000000000a180000 Uncommon trap: reason=bimorphic action=maybe_recompile pc=0x00000000025d79bc method=com.android.dx.cf.code.RopperMachine.run(Lcom/android/dx/cf/code/Frame;II)V @ 988
Event: 5.935 Thread 0x000000000a08b000 Uncommon trap: reason=bimorphic action=maybe_recompile pc=0x00000000025d79bc method=com.android.dx.cf.code.RopperMachine.run(Lcom/android/dx/cf/code/Frame;II)V @ 988
Event: 6.036 Thread 0x000000000a1c7800 Uncommon trap: reason=bimorphic action=maybe_recompile pc=0x00000000025d79bc method=com.android.dx.cf.code.RopperMachine.run(Lcom/android/dx/cf/code/Frame;II)V @ 988
Event: 6.147 Thread 0x000000000a1c7800 Uncommon trap: reason=bimorphic action=maybe_recompile pc=0x00000000025d79bc method=com.android.dx.cf.code.RopperMachine.run(Lcom/android/dx/cf/code/Frame;II)V @ 988

Internal exceptions (10 events):
Event: 1.241 Thread 0x000000000a08b000 Implicit null exception at 0x0000000002485312 to 0x0000000002485411
Event: 1.584 Thread 0x000000000a180000 Threw 0x00000000eb318f08 at C:\re\jdk7u79\2331\hotspot\src\share\vm\prims\jvm.cpp:1304
Event: 1.896 Thread 0x000000000204e000 Threw 0x00000000ebe95df0 at C:\re\jdk7u79\2331\hotspot\src\share\vm\prims\jvm.cpp:1304
Event: 1.918 Thread 0x000000000204e000 Implicit null exception at 0x00000000024bacb5 to 0x00000000024bc401
Event: 2.517 Thread 0x000000000a08b000 Implicit null exception at 0x00000000024afb7c to 0x00000000024b0a5d
Event: 2.543 Thread 0x000000000a08b000 Implicit null exception at 0x00000000024d2e85 to 0x00000000024d484d
Event: 2.999 Thread 0x000000000a180000 Threw 0x00000000ec7c5ed8 at C:\re\jdk7u79\2331\hotspot\src\share\vm\prims\jvm.cpp:1304
Event: 4.494 Thread 0x000000000204e000 Threw 0x00000000ee0763e8 at C:\re\jdk7u79\2331\hotspot\src\share\vm\prims\jvm.cpp:1304
Event: 5.045 Thread 0x000000000204e000 Threw 0x00000000ec5f1d60 at C:\re\jdk7u79\2331\hotspot\src\share\vm\prims\jvm.cpp:1304
Event: 5.300 Thread 0x000000000a08b000 Threw 0x00000000edc0dbe0 at C:\re\jdk7u79\2331\hotspot\src\share\vm\prims\jvm.cpp:1304

Events (10 events):
Event: 5.935 Thread 0x000000000a08b000 DEOPT PACKING pc=0x00000000025d79bc sp=0x000000000ac2ea80
Event: 5.935 Thread 0x000000000a08b000 DEOPT UNPACKING pc=0x00000000024175a4 sp=0x000000000ac2e9f8 mode 2
Event: 6.036 Thread 0x000000000a1c7800 Uncommon trap: trap_request=0xffffffc6 fr.pc=0x00000000025d79bc
Event: 6.036 Thread 0x000000000a1c7800 DEOPT PACKING pc=0x00000000025d79bc sp=0x000000000ad3e940
Event: 6.036 Thread 0x000000000a1c7800 DEOPT UNPACKING pc=0x00000000024175a4 sp=0x000000000ad3e8b8 mode 2
Event: 6.147 Thread 0x000000000a1c7800 Uncommon trap: trap_request=0xffffffc6 fr.pc=0x00000000025d79bc
Event: 6.147 Thread 0x000000000a1c7800 DEOPT PACKING pc=0x00000000025d79bc sp=0x000000000ad3e940
Event: 6.147 Thread 0x000000000a1c7800 DEOPT UNPACKING pc=0x00000000024175a4 sp=0x000000000ad3e8b8 mode 2
Event: 6.242 Executing VM operation: ParallelGCFailedAllocation
Event: 6.739 Executing VM operation: ParallelGCFailedAllocation done


Dynamic libraries:
0x000000013fa40000 - 0x000000013fa73000 	C:\Program Files\Java\jdk1.7.0_79\bin\java.exe
0x0000000077a80000 - 0x0000000077c2a000 	C:\Windows\SYSTEM32\ntdll.dll
0x0000000077960000 - 0x0000000077a7f000 	C:\Windows\system32\kernel32.dll
0x000007fefdaa0000 - 0x000007fefdb0b000 	C:\Windows\system32\KERNELBASE.dll
0x000007fefe760000 - 0x000007fefe83b000 	C:\Windows\system32\ADVAPI32.dll
0x000007fefe0f0000 - 0x000007fefe18f000 	C:\Windows\system32\msvcrt.dll
0x000007fefe840000 - 0x000007fefe85f000 	C:\Windows\SYSTEM32\sechost.dll
0x000007fefe430000 - 0x000007fefe55d000 	C:\Windows\system32\RPCRT4.dll
0x0000000077860000 - 0x000000007795a000 	C:\Windows\system32\USER32.dll
0x000007fefdc90000 - 0x000007fefdcf7000 	C:\Windows\system32\GDI32.dll
0x000007fefdd80000 - 0x000007fefdd8e000 	C:\Windows\system32\LPK.dll
0x000007fefe020000 - 0x000007fefe0ea000 	C:\Windows\system32\USP10.dll
0x000007fefc0d0000 - 0x000007fefc2c4000 	C:\Windows\WinSxS\amd64_microsoft.windows.common-controls_6595b64144ccf1df_6.0.7601.18837_none_fa3b1e3d17594757\COMCTL32.dll
0x000007fefdd00000 - 0x000007fefdd71000 	C:\Windows\system32\SHLWAPI.dll
0x000007fefea50000 - 0x000007fefea7e000 	C:\Windows\system32\IMM32.DLL
0x000007fefe190000 - 0x000007fefe299000 	C:\Windows\system32\MSCTF.dll
0x000007fefd730000 - 0x000007fefd770000 	C:\Windows\system32\nvinitx.dll
0x0000000067f10000 - 0x0000000067fe2000 	C:\Program Files\Java\jdk1.7.0_79\jre\bin\msvcr100.dll
0x0000000068420000 - 0x0000000068bf5000 	C:\Program Files\Java\jdk1.7.0_79\jre\bin\server\jvm.dll
0x000007fefb0f0000 - 0x000007fefb0f9000 	C:\Windows\system32\WSOCK32.dll
0x000007fefdbc0000 - 0x000007fefdc0d000 	C:\Windows\system32\WS2_32.dll
0x000007fefe380000 - 0x000007fefe388000 	C:\Windows\system32\NSI.dll
0x000007fef9840000 - 0x000007fef987b000 	C:\Windows\system32\WINMM.dll
0x0000000077c40000 - 0x0000000077c47000 	C:\Windows\system32\PSAPI.DLL
0x000000006ffd0000 - 0x000000006ffdf000 	C:\Program Files\Java\jdk1.7.0_79\jre\bin\verify.dll
0x000000006c7c0000 - 0x000000006c7e8000 	C:\Program Files\Java\jdk1.7.0_79\jre\bin\java.dll
0x0000000069e10000 - 0x0000000069e25000 	C:\Program Files\Java\jdk1.7.0_79\jre\bin\zip.dll
0x0000000069df0000 - 0x0000000069e0a000 	C:\Program Files\Java\jdk1.7.0_79\jre\bin\net.dll
0x000007fefcf80000 - 0x000007fefcfd5000 	C:\Windows\system32\mswsock.dll
0x000007fefcf70000 - 0x000007fefcf77000 	C:\Windows\System32\wship6.dll
0x0000000069dd0000 - 0x0000000069de1000 	C:\Program Files\Java\jdk1.7.0_79\jre\bin\nio.dll

VM Arguments:
jvm_args: -Djava.awt.headless=true -Xmx1024M -Dfile.encoding=windows-1252 -Duser.country=US -Duser.language=en -Duser.variant 
java_command: com.android.dx.command.Main --dex --num-threads=4 --multi-dex --main-dex-list D:\ELSYS-school\diplomna\OCR\app\build\intermediates\multi-dex\debug\maindexlist.txt --output D:\ELSYS-school\diplomna\OCR\app\build\intermediates\transforms\dex\debug\folders\1000\1f\main D:\ELSYS-school\diplomna\OCR\app\build\intermediates\transforms\jarMerging\debug\jars\1\1f\combined.jar
Launcher Type: SUN_STANDARD

Environment Variables:
JAVA_HOME=C:\Program Files\Java\jdk1.7.0_79
PATH=C:\ProgramData\Oracle\Java\javapath;C:\Program Files (x86)\NVIDIA Corporation\PhysX\Common;C:\Program Files (x86)\Intel\iCLS Client\;C:\Program Files\Intel\iCLS Client\;C:\Windows\system32;C:\Windows;C:\Windows\System32\Wbem;C:\Windows\System32\WindowsPowerShell\v1.0\;C:\Program Files (x86)\Intel\OpenCL SDK\2.0\bin\x86;C:\Program Files (x86)\Intel\OpenCL SDK\2.0\bin\x64;C:\Program Files\Intel\Intel(R) Management Engine Components\DAL;C:\Program Files\Intel\Intel(R) Management Engine Components\IPT;C:\Program Files (x86)\Intel\Intel(R) Management Engine Components\DAL;C:\Program Files (x86)\Intel\Intel(R) Management Engine Components\IPT;D:\ELSYS-school\????????\Tesseract-OCR;C:\Program Files (x86)\Tesseract-OCR;C:\Program Files (x86)\Skype\Phone\;D:\xampp\php;C:\ProgramData\ComposerSetup\bin;C:\Users\user\AppData\Roaming\Composer\vendor\bin
USERNAME=user
OS=Windows_NT
PROCESSOR_IDENTIFIER=Intel64 Family 6 Model 42 Stepping 7, GenuineIntel



---------------  S Y S T E M  ---------------

OS: Windows 7 , 64 bit Build 7601 Service Pack 1

CPU:total 4 (2 cores per cpu, 2 threads per core) family 6 model 42 stepping 7, cmov, cx8, fxsr, mmx, sse, sse2, sse3, ssse3, sse4.1, sse4.2, popcnt, avx, ht, tsc, tscinvbit

Memory: 4k page, physical 4006256k(740392k free), swap 5540420k(5312k free)

vm_info: Java HotSpot(TM) 64-Bit Server VM (24.79-b02) for windows-amd64 JRE (1.7.0_79-b15), built on Apr 10 2015 12:36:16 by "java_re" with unknown MS VC++:1600

time: Fri Feb 26 22:37:05 2016
elapsed time: 6 seconds

